<?xml version='1.0'?>
<ns2:test-suite xmlns:ns2='urn:model.allure.qatools.yandex.ru' start='1569242885279' stop='1569242885296'>
    <name>webdriver.io page</name>
    <title>webdriver.io page</title>
    <test-cases>
        <test-case start='1569242885280' status='failed' stop='1569242885291'>
            <name>should have the right title</name>
            <title>should have the right title</title>
            <labels>
                <label name='language' value='javascript'/>
                <label name='framework' value='wdio'/>
                <label name='thread' value='0-0'/>
            </labels>
            <parameters>
                <parameter kind='argument' name='browser' value='chrome'/>
            </parameters>
            <steps>
                <step start='1569242885283' status='failed' stop='1569242885291'>
                    <name>POST /session/:sessionId/url</name>
                    <title>POST /session/:sessionId/url</title>
                    <attachments>
                        <attachment title='Request' source='a328bd07-7270-45da-badf-a4217bfca7ae-attachment.json' type='application/json' size='36'/>
                    </attachments>
                    <steps>
                        <step start='1569242885287' status='failed' stop='1569242885291'>
                            <name>GET /session/:sessionId/title</name>
                            <title>GET /session/:sessionId/title</title>
                            <attachments/>
                            <steps/>
                        </step>
                    </steps>
                </step>
                <step start='1569242885294' status='undefined'>
                    <name>GET /session/:sessionId/screenshot</name>
                    <title>GET /session/:sessionId/screenshot</title>
                    <attachments/>
                    <steps/>
                </step>
            </steps>
            <attachments/>
            <failure>
                <message>Expected values to be strictly equal:
                + actual - expected
                
                + Promise {
                +   &lt;pending>
                + }
                - 'WebdriverIO · Next-gen WebDriver test framework for Node.js'</message>
                <stack-trace>AssertionError [ERR_ASSERTION]: Expected values to be strictly equal:
                + actual - expected
                
                + Promise {
                +   &lt;pending>
                + }
                - 'WebdriverIO · Next-gen WebDriver test framework for Node.js'
                    at Context.&lt;anonymous> (/Users/austin/Desktop/PROJECTFOLDER/Tom-Yum/frontend/todo-app/test/specs/basic.js:7:16)
                    at callFn (/Users/austin/Desktop/PROJECTFOLDER/Tom-Yum/frontend/todo-app/node_modules/mocha/lib/runnable.js:387:21)
                    at Test.Runnable.run (/Users/austin/Desktop/PROJECTFOLDER/Tom-Yum/frontend/todo-app/node_modules/mocha/lib/runnable.js:379:7)
                    at Runner.runTest (/Users/austin/Desktop/PROJECTFOLDER/Tom-Yum/frontend/todo-app/node_modules/mocha/lib/runner.js:535:10)
                    at /Users/austin/Desktop/PROJECTFOLDER/Tom-Yum/frontend/todo-app/node_modules/mocha/lib/runner.js:653:12
                    at next (/Users/austin/Desktop/PROJECTFOLDER/Tom-Yum/frontend/todo-app/node_modules/mocha/lib/runner.js:447:14)
                    at /Users/austin/Desktop/PROJECTFOLDER/Tom-Yum/frontend/todo-app/node_modules/mocha/lib/runner.js:457:7
                    at next (/Users/austin/Desktop/PROJECTFOLDER/Tom-Yum/frontend/todo-app/node_modules/mocha/lib/runner.js:362:14)
                    at Immediate._onImmediate (/Users/austin/Desktop/PROJECTFOLDER/Tom-Yum/frontend/todo-app/node_modules/mocha/lib/runner.js:425:5)
                    at processImmediate (internal/timers.js:439:21)</stack-trace>
            </failure>
        </test-case>
    </test-cases>
</ns2:test-suite>